[2016.02.17-11.28.38:820][  0]Log file open, 02/17/16 13:28:38
[2016.02.17-11.28.38:820][  0]LogInit:Display: Running engine for game: RoboWheel2D
[2016.02.17-11.28.38:820][  0]LogInit:Display: Project file not found: ../../../RoboWheel2D/RoboWheel2D.uproject
[2016.02.17-11.28.38:820][  0]LogInit:Display: 	Attempting to find via project info helper.
[2016.02.17-11.28.38:820][  0]LogUProjectInfo: Found projects:
[2016.02.17-11.28.38:820][  0]LogModuleManager:Warning: ModuleManager: Module 'HTTPChunkInstaller' not found - its StaticallyLinkedModuleInitializers function is null.
[2016.02.17-11.28.38:820][  0]LogPlatformFile: Not using cached read wrapper
[2016.02.17-11.28.38:820][  0]LogInit:Display: RandInit(789597771) SRandInit(789597771).
[2016.02.17-11.28.38:820][  0]LogTaskGraph: Started task graph with 4 named threads and 5 total threads.
[2016.02.17-11.28.38:820][  0]LogStats: Stats thread started at 0.058130
[2016.02.17-11.28.38:820][  0]LogInit: Version: 4.10.2-2818068+++depot+UE4-Releases+4.10
[2016.02.17-11.28.38:820][  0]LogInit: API Version: 2758231
[2016.02.17-11.28.38:820][  0]LogInit: Compiled (32-bit): Jan  6 2016 19:11:29
[2016.02.17-11.28.38:820][  0]LogInit: Compiled with Visual C++: 19.00.23026.00
[2016.02.17-11.28.38:820][  0]LogInit: Build Configuration: Development
[2016.02.17-11.28.38:820][  0]LogInit: Branch Name: ++depot+UE4-Releases+4.10
[2016.02.17-11.28.38:820][  0]LogInit: Command line:  
[2016.02.17-11.28.38:820][  0]LogInit: Base directory: C:/Users/Onni Kytönummi/Documents/RoboWheel Demo/WindowsNoEditor/Engine/Binaries/Win32/
[2016.02.17-11.28.38:820][  0]LogInit: Rocket: 0
[2016.02.17-11.28.38:820][  0]LogInit: Using libcurl 7.41.0
[2016.02.17-11.28.38:820][  0]LogInit:  - built for i386-pc-win32
[2016.02.17-11.28.38:820][  0]LogInit:  - supports SSL with WinSSL
[2016.02.17-11.28.38:820][  0]LogInit:  - other features:
[2016.02.17-11.28.38:820][  0]LogInit:      CURL_VERSION_SSL
[2016.02.17-11.28.38:820][  0]LogInit:      CURL_VERSION_IPV6
[2016.02.17-11.28.38:820][  0]LogInit:      CURL_VERSION_ASYNCHDNS
[2016.02.17-11.28.38:820][  0]LogInit:      CURL_VERSION_LARGEFILE
[2016.02.17-11.28.38:820][  0]LogInit:      CURL_VERSION_IDN
[2016.02.17-11.28.38:820][  0]LogInit:  CurlRequestOptions (configurable via config and command line):
[2016.02.17-11.28.38:820][  0]LogInit:  - bVerifyPeer = true  - Libcurl will verify peer certificate
[2016.02.17-11.28.38:820][  0]LogInit:  - bUseHttpProxy = false  - Libcurl will NOT use HTTP proxy
[2016.02.17-11.28.38:820][  0]LogInit:  - bDontReuseConnections = false  - Libcurl will reuse connections
[2016.02.17-11.28.38:820][  0]LogInit:  - CertBundlePath = nullptr  - Libcurl will use whatever was configured at build time.
[2016.02.17-11.28.38:820][  0]LogInit: Presizing for 0 objects not considered by GC, pre-allocating 0 bytes.
[2016.02.17-11.28.38:820][  0]LogInit: Object subsystem initialized
[2016.02.17-11.28.38:820][  0]LogInit: Selected Device Profile: [WindowsNoEditor]
[2016.02.17-11.28.38:820][  0]LogInit: Applying CVar settings loaded from the selected device profile: [WindowsNoEditor]
[2016.02.17-11.28.38:840][  0]LogInit: Computer: TITE13-20
[2016.02.17-11.28.38:840][  0]LogInit: User: OnniKytönummi
[2016.02.17-11.28.38:840][  0]LogInit: CPU Page size=4096, Cores=2
[2016.02.17-11.28.38:840][  0]LogInit: High frequency timer resolution =2.435776 MHz
[2016.02.17-11.28.38:840][  0]LogMemory: Memory total: Physical=3.9GB (0GB approx) Virtual=4.0GB
[2016.02.17-11.28.38:840][  0]LogMemory: Platform Memory Stats for WindowsNoEditor
[2016.02.17-11.28.38:840][  0]LogMemory: Process Physical Memory: 31.19 MB used, 31.19 MB peak
[2016.02.17-11.28.38:840][  0]LogMemory: Process Virtual Memory: 49.88 MB used, 49.88 MB peak
[2016.02.17-11.28.38:840][  0]LogMemory: Physical Memory: 2824.48 MB used, 4001.48 MB total
[2016.02.17-11.28.38:840][  0]LogMemory: Virtual Memory: 220.86 MB used, 4095.88 MB total
[2016.02.17-11.28.39:195][  0]LogTextLocalizationManager: No translations for ('fi-FI') exist, falling back to 'en' for localization and internationalization data.
[2016.02.17-11.28.39:359][  0]LogD3D11RHI: Found D3D11 adapter 0: Intel(R) HD Graphics 4600 (Feature Level 11_0)
[2016.02.17-11.28.39:359][  0]LogD3D11RHI: Adapter has 112MB of dedicated video memory, 0MB of dedicated system memory, and 3983MB of shared system memory, 1 output[s]
[2016.02.17-11.28.39:361][  0]LogD3D11RHI: Found D3D11 adapter 1: Microsoft Basic Render Driver (Feature Level 11_0)
[2016.02.17-11.28.39:361][  0]LogD3D11RHI: Adapter has 0MB of dedicated video memory, 0MB of dedicated system memory, and 4048MB of shared system memory, 0 output[s]
[2016.02.17-11.28.39:361][  0]LogD3D11RHI: Chosen D3D11 Adapter Id = 0
[2016.02.17-11.28.39:365][  0]LogD3D11RHI: !Direct3DDevice
[2016.02.17-11.28.39:366][  0]LogRHI: Texture pool is 78 MB (70% of 112 MB)
[2016.02.17-11.28.39:370][  0]LogD3D11RHI: Async texture creation enabled
[2016.02.17-11.28.39:457][  0]LogInit: Selected Device Profile: [WindowsNoEditor]
[2016.02.17-11.28.39:458][  0]LogContentStreaming: Texture pool size is 1000.000000MB
[2016.02.17-11.28.39:629][  0]LogInit: WinSock: version 1.1 (2.2), MaxSocks=32767, MaxUdp=65467
[2016.02.17-11.28.39:767][  0]LogWindowsMoviePlayer: Unable to load movie: ../../../RoboWheel2D/Content/Movies/Default_Startup.mp4
[2016.02.17-11.28.39:819][  0]LogObj: 23601 objects as part of root set at end of initial load.
[2016.02.17-11.28.39:819][  0]LogUObjectAllocator: 3494600 out of 0 bytes used by permanent object pool.
[2016.02.17-11.28.39:832][  0]LogEngine: Initializing Engine...
[2016.02.17-11.28.39:835][  0]LogHMD: Can't find Oculus library dev build: is proper Runtime installed? Version: 0.8.0.0
[2016.02.17-11.28.39:901][  0]LogHMD: SteamVR failed to initialize.  Err: 110
[2016.02.17-11.28.40:048][  0]LogInit: XAudio2 using 'Kaiuttimet/Kuulokkeet (Realtek High Definition Audio)' : 2 channels at 48 kHz using 32 bits per sample (channel mask 0x3)
[2016.02.17-11.28.40:204][  0]LogInit: FAudioDevice initialized.
[2016.02.17-11.28.40:204][  0]LogInit: Texture streaming: Enabled
[2016.02.17-11.28.40:204][  0]LogAnalytics: Creating configured Analytics provider AnalyticsET
[2016.02.17-11.28.40:204][  0]LogAnalytics: [UEGame.UnrealEngine.Release|FD69EFA0499AD9EECFD258A4679FECAF|RoboWheel] APIServer = http://et2.epicgames.com/ET2/. AppVersion = 4.10.2-2818068+++depot+UE4-Releases+4.10
[2016.02.17-11.28.40:205][  0]LogAnalytics: [UEGame.UnrealEngine.Release|FD69EFA0499AD9EECFD258A4679FECAF|RoboWheel] SetUserId ANON-{E0D2C38B-44AB-2DDE-4B08-959CBFD566D8}
[2016.02.17-11.28.40:205][  0]LogAnalytics: [UEGame.UnrealEngine.Release|FD69EFA0499AD9EECFD258A4679FECAF|RoboWheel] AnalyticsET::StartSession
[2016.02.17-11.28.40:224][  0]LogNet: Browse: /Game/Maps/MainMenuLevel?Name=Player
[2016.02.17-11.28.40:224][  0]LogLoad: LoadMap: /Game/Maps/MainMenuLevel?Name=Player
[2016.02.17-11.28.40:234][  0]LogParticles: Destroying 0 GPU particle simulations for FXSystem 0x16DFF570
[2016.02.17-11.28.40:244][  0]LogMemory: Platform Memory Stats for WindowsNoEditor
[2016.02.17-11.28.40:244][  0]LogMemory: Process Physical Memory: 121.07 MB used, 121.07 MB peak
[2016.02.17-11.28.40:244][  0]LogMemory: Process Virtual Memory: 140.58 MB used, 140.58 MB peak
[2016.02.17-11.28.40:244][  0]LogMemory: Physical Memory: 2944.42 MB used, 4001.48 MB total
[2016.02.17-11.28.40:244][  0]LogMemory: Virtual Memory: 498.60 MB used, 4095.88 MB total
[2016.02.17-11.28.40:244][  0]LogMemory: 
[2016.02.17-11.28.40:244][  0]LogMemory: Allocator Stats for binned:
[2016.02.17-11.28.40:244][  0]LogMemory: Current Memory 36.75 MB used, plus 2.95 MB waste
[2016.02.17-11.28.40:244][  0]LogMemory: Peak Memory 45.44 MB used, plus 2.11 MB waste
[2016.02.17-11.28.40:244][  0]LogMemory: Current OS Memory 39.70 MB, peak 47.55 MB
[2016.02.17-11.28.40:244][  0]LogMemory: Current Waste 0.52 MB, peak 0.83 MB
[2016.02.17-11.28.40:244][  0]LogMemory: Current Used 36.75 MB, peak 45.44 MB
[2016.02.17-11.28.40:244][  0]LogMemory: Current Slack 1.04 MB
[2016.02.17-11.28.40:244][  0]LogMemory: Allocs       122140 Current /  1241185 Total
[2016.02.17-11.28.40:244][  0]LogMemory: 
[2016.02.17-11.28.40:244][  0]LogMemory: Block Size Num Pools Max Pools Cur Allocs Total Allocs Min Req Max Req Mem Used Mem Slack Mem Waste Efficiency
[2016.02.17-11.28.40:244][  0]LogMemory: ---------- --------- --------- ---------- ------------ ------- ------- -------- --------- --------- ----------
[2016.02.17-11.28.40:244][  0]LogMemory:          8         1         1       5345       240442       8       8      41K       23K        0K    100.00%
[2016.02.17-11.28.40:244][  0]LogMemory:         16         7         7      25977       101614       9      16     405K       43K       19K     95.76%
[2016.02.17-11.28.40:244][  0]LogMemory:         32         5         5       8634        32820      17      32     269K       51K       55K     82.81%
[2016.02.17-11.28.40:244][  0]LogMemory:         48        14        14      18839        61908      33      48     883K       13K       81K     90.96%
[2016.02.17-11.28.40:244][  0]LogMemory:         64        11        11      10778        78486      49      64     673K       31K       84K     88.07%
[2016.02.17-11.28.40:244][  0]LogMemory:         80         7         7       5104        52937      65      80     398K       50K       32K     92.86%
[2016.02.17-11.28.40:244][  0]LogMemory:         96        28        28      18831        55020      81      96    1765K       26K       81K     95.48%
[2016.02.17-11.28.40:244][  0]LogMemory:        112         8        12       3712        36087      97     112     406K      106K       17K     96.68%
[2016.02.17-11.28.40:244][  0]LogMemory:        128        10        10       5096        34883     114     128     637K        3K       32K     95.00%
[2016.02.17-11.28.40:244][  0]LogMemory:        160         4         4       1605        70491     129     160     250K        6K       21K     91.80%
[2016.02.17-11.28.40:244][  0]LogMemory:        192         5         5       1613       140218     161     192     302K       18K       22K     93.13%
[2016.02.17-11.28.40:244][  0]LogMemory:        224         3         3        810       125989     193     224     177K       15K       13K     93.23%
[2016.02.17-11.28.40:244][  0]LogMemory:        256        20        36       5064        80594     226     256    1266K       14K       93K     92.73%
[2016.02.17-11.28.40:244][  0]LogMemory:        288        17        17       3660        56163     257     288    1029K       57K       56K     94.85%
[2016.02.17-11.28.40:244][  0]LogMemory:        320         4         4        622        15156     290     320     194K       61K       10K     96.09%
[2016.02.17-11.28.40:244][  0]LogMemory:        384         9         9       1403        19969     322     384     526K       48K       45K     92.19%
[2016.02.17-11.28.40:244][  0]LogMemory:        448         5         5        619         8704     385     448     270K       50K       11K     96.56%
[2016.02.17-11.28.40:244][  0]LogMemory:        512         5         5        626         5638     449     512     313K        7K       23K     92.81%
[2016.02.17-11.28.40:244][  0]LogMemory:        576        12        13        940         4417     513     576     528K      235K       22K     97.14%
[2016.02.17-11.28.40:244][  0]LogMemory:        640         7         7        451         1126     577     640     281K      166K       13K     97.10%
[2016.02.17-11.28.40:244][  0]LogMemory:        704         5         5        302         1266     641     704     207K      113K        8K     97.50%
[2016.02.17-11.28.40:244][  0]LogMemory:        768         2         2         76          194     705     768      57K       71K        2K     98.44%
[2016.02.17-11.28.40:244][  0]LogMemory:        896         2         3        127          393     769     896     111K       17K        8K     93.75%
[2016.02.17-11.28.40:244][  0]LogMemory:       1024         3         4        148         2650     897    1024     148K       44K        5K     97.40%
[2016.02.17-11.28.40:244][  0]LogMemory:       1168         7         7        339         1003    1025    1168     386K       62K       20K     95.54%
[2016.02.17-11.28.40:244][  0]LogMemory:       1360         3         3        116          339    1171    1360     154K       38K       11K     94.27%
[2016.02.17-11.28.40:244][  0]LogMemory:       1632         5         5        113         2572    1361    1632     180K      139K       10K     96.88%
[2016.02.17-11.28.40:244][  0]LogMemory:       2048         8         8        213          685    1633    2048     426K       86K       46K     91.02%
[2016.02.17-11.28.40:244][  0]LogMemory:       2336         4         4         87         1581    2050    2333     198K       58K       22K     91.41%
[2016.02.17-11.28.40:244][  0]LogMemory:       2720         4         4         68         1571    2342    2717     180K       75K       20K     92.19%
[2016.02.17-11.28.40:244][  0]LogMemory:       3264         5         7         83          967    2721    3264     264K       55K       15K     95.31%
[2016.02.17-11.28.40:244][  0]LogMemory:       4096        13        14        156         1786    3265    4096     624K      208K       82K     90.14%
[2016.02.17-11.28.40:244][  0]LogMemory:       4672        13        15        146          487    4104    4666     666K      165K       52K     93.75%
[2016.02.17-11.28.40:244][  0]LogMemory:       5456         9        14         94          974    4673    5456     500K       76K       47K     91.84%
[2016.02.17-11.28.40:244][  0]LogMemory:       6544         8        11         74          288    5465    6537     472K       40K       40K     92.19%
[2016.02.17-11.28.40:244][  0]LogMemory:       8192         9        10         65          891    6560    8192     520K       56K       39K     93.23%
[2016.02.17-11.28.40:244][  0]LogMemory:       9360         6         6         37           83    8200    9360     338K       46K       24K     93.75%
[2016.02.17-11.28.40:244][  0]LogMemory:      10912         4         5         23           58    9408   10845     245K       11K       21K     91.80%
[2016.02.17-11.28.40:244][  0]LogMemory:      13104         5         6         25           68   11101   13056     319K        1K       26K     91.88%
[2016.02.17-11.28.40:244][  0]LogMemory:      16384         7        10         26          138   13120   16384     416K       32K       30K     93.30%
[2016.02.17-11.28.40:244][  0]LogMemory:      21840         6         8         16           66   16392   21556     341K       43K       54K     85.94%
[2016.02.17-11.28.40:244][  0]LogMemory:      32768         7         8         12           67   21865   32640     384K       64K       82K     81.70%
[2016.02.17-11.28.40:244][  0]LogMemory: 
[2016.02.17-11.28.40:244][  0]LogMemory: 20288K allocated in pools (with 2523K slack and 1394K waste). Efficiency 93.13%
[2016.02.17-11.28.40:244][  0]LogMemory: Allocations 122076 Current / 1240790 Total (in 317 pools)
[2016.02.17-11.28.40:244][  0]LogMemory: 
[2016.02.17-11.28.40:246][  0]LogLinker:Warning: CreateImport: Failed to load Outer for resource 'WidgetTree': WidgetBlueprint /Script/UMGEditor.Default__WidgetBlueprint
[2016.02.17-11.28.40:252][  0]LogModuleManager:Warning: ModuleManager: Module 'GameplayDebugger' not found - its StaticallyLinkedModuleInitializers function is null.
[2016.02.17-11.28.40:252][  0]LogAIModule: Creating AISystem for world MainMenuLevel
[2016.02.17-11.28.40:258][  0]LogLinker:Warning: CreateImport: Failed to load Outer for resource 'WidgetTree': WidgetBlueprint /Script/UMGEditor.Default__WidgetBlueprint
[2016.02.17-11.28.40:262][  0]LogLinker:Warning: CreateImport: Failed to load Outer for resource 'WidgetTree': WidgetBlueprint /Script/UMGEditor.Default__WidgetBlueprint
[2016.02.17-11.28.40:270][  0]LogWorld: Game class is 'BP_PaperGameMode_C'
[2016.02.17-11.28.40:271][  0]LogWorld: Bringing World /Game/Maps/MainMenuLevel.MainMenuLevel up for play (max tick rate 0) at 2016.02.17-13.28.40
[2016.02.17-11.28.40:271][  0]LogWorld: Bringing up level for play took: 0.000543
[2016.02.17-11.28.40:272][  0]LogGameMode: Warning - PATHS NOT DEFINED or NO PLAYERSTART with positive rating
[2016.02.17-11.28.40:273][  0]LogSpawn:Warning: SpawnActor failed because no class was specified
[2016.02.17-11.28.40:278][  0]LogInit:Display: Game Engine Initialized.
[2016.02.17-11.28.40:479][  0]LogLoad: Full Startup: 2.01 seconds (BP compile: 0.00 seconds)
[2016.02.17-11.28.40:508][  0]LogOcInput: Can't find Oculus library dev build: is proper Runtime installed? Version: 0.8.0.0
[2016.02.17-11.28.40:629][  2]LogRenderer: Reallocating scene render targets to support 1280x720 (Frame:2).
[2016.02.17-11.28.42:471][ 44]LogPackageName: SearchForPackageOnDisk took   0.234s to resolve My2DMap.umap.
[2016.02.17-11.28.42:700][ 44]LogPackageName: SearchForPackageOnDisk took   0.229s to resolve My2DMap.umap.
[2016.02.17-11.28.42:700][ 44]LogNet: Browse: /Game/Maps/My2DMap
[2016.02.17-11.28.42:700][ 44]LogLoad: LoadMap: /Game/Maps/My2DMap
[2016.02.17-11.28.42:735][ 44]LogParticles: Destroying 0 GPU particle simulations for FXSystem 0x10B8E700
[2016.02.17-11.28.42:767][ 44]LogMemory: Platform Memory Stats for WindowsNoEditor
[2016.02.17-11.28.42:767][ 44]LogMemory: Process Physical Memory: 140.31 MB used, 144.48 MB peak
[2016.02.17-11.28.42:767][ 44]LogMemory: Process Virtual Memory: 159.80 MB used, 159.80 MB peak
[2016.02.17-11.28.42:767][ 44]LogMemory: Physical Memory: 3108.43 MB used, 4001.48 MB total
[2016.02.17-11.28.42:767][ 44]LogMemory: Virtual Memory: 542.97 MB used, 4095.88 MB total
[2016.02.17-11.28.42:767][ 44]LogMemory: 
[2016.02.17-11.28.42:767][ 44]LogMemory: Allocator Stats for binned:
[2016.02.17-11.28.42:767][ 44]LogMemory: Current Memory 40.45 MB used, plus 4.04 MB waste
[2016.02.17-11.28.42:767][ 44]LogMemory: Peak Memory 45.44 MB used, plus 2.11 MB waste
[2016.02.17-11.28.42:767][ 44]LogMemory: Current OS Memory 44.49 MB, peak 47.55 MB
[2016.02.17-11.28.42:767][ 44]LogMemory: Current Waste 0.57 MB, peak 0.83 MB
[2016.02.17-11.28.42:767][ 44]LogMemory: Current Used 40.45 MB, peak 45.44 MB
[2016.02.17-11.28.42:767][ 44]LogMemory: Current Slack 1.98 MB
[2016.02.17-11.28.42:767][ 44]LogMemory: Allocs       126089 Current /  2106826 Total
[2016.02.17-11.28.42:767][ 44]LogMemory: 
[2016.02.17-11.28.42:767][ 44]LogMemory: Block Size Num Pools Max Pools Cur Allocs Total Allocs Min Req Max Req Mem Used Mem Slack Mem Waste Efficiency
[2016.02.17-11.28.42:767][ 44]LogMemory: ---------- --------- --------- ---------- ------------ ------- ------- -------- --------- --------- ----------
[2016.02.17-11.28.42:767][ 44]LogMemory:          8         1         1       5450       544200       8       8      42K       22K        0K    100.00%
[2016.02.17-11.28.42:767][ 44]LogMemory:         16         8         8      27929       115662       9      16     436K       76K       20K     96.09%
[2016.02.17-11.28.42:767][ 44]LogMemory:         32         5         5       9287        58435      17      32     290K       30K       64K     80.00%
[2016.02.17-11.28.42:767][ 44]LogMemory:         48        15        15      19049        75534      33      48     892K       68K       85K     91.15%
[2016.02.17-11.28.42:767][ 44]LogMemory:         64        12        12      11001       167426      49      64     687K       81K       94K     87.76%
[2016.02.17-11.28.42:767][ 44]LogMemory:         80         8         8       5369        87796      65      80     419K       93K       31K     93.95%
[2016.02.17-11.28.42:767][ 44]LogMemory:         96        29        29      18915        91893      81      96    1773K       82K      110K     94.07%
[2016.02.17-11.28.42:767][ 44]LogMemory:        112         8        12       3804        58803      97     112     416K       96K       21K     95.90%
[2016.02.17-11.28.42:767][ 44]LogMemory:        128        11        11       5125        68291     114     128     640K       64K       32K     95.45%
[2016.02.17-11.28.42:767][ 44]LogMemory:        160         5         5       1700       126859     129     160     265K       55K       27K     91.56%
[2016.02.17-11.28.42:767][ 44]LogMemory:        192         5         5       1630       171371     161     192     305K       15K       23K     92.81%
[2016.02.17-11.28.42:767][ 44]LogMemory:        224         4         4        836       226874     193     224     182K       74K       12K     95.31%
[2016.02.17-11.28.42:767][ 44]LogMemory:        256        21        36       5095       113461     225     256    1273K       71K       90K     93.30%
[2016.02.17-11.28.42:767][ 44]LogMemory:        288        18        18       3688        97683     257     288    1037K      113K       55K     95.23%
[2016.02.17-11.28.42:767][ 44]LogMemory:        320         4         4        624        16497     290     320     195K       60K       10K     96.09%
[2016.02.17-11.28.42:767][ 44]LogMemory:        384        10        10       1410        22309     322     384     528K      110K       45K     92.97%
[2016.02.17-11.28.42:767][ 44]LogMemory:        448         6         6        631        15634     385     448     276K      108K       11K     97.14%
[2016.02.17-11.28.42:767][ 44]LogMemory:        512         6         6        636        19670     449     512     318K       66K       28K     92.71%
[2016.02.17-11.28.42:767][ 44]LogMemory:        576        12        13        943         4575     513     576     530K      233K       23K     97.01%
[2016.02.17-11.28.42:767][ 44]LogMemory:        640         7         7        454         1189     577     640     283K      164K       13K     97.10%
[2016.02.17-11.28.42:767][ 44]LogMemory:        704         5         5        306         1328     641     704     210K      110K        8K     97.50%
[2016.02.17-11.28.42:767][ 44]LogMemory:        768         2         2         75          260     705     768      56K       72K        2K     98.44%
[2016.02.17-11.28.42:767][ 44]LogMemory:        896         3         4        141         1352     769     896     123K       69K        9K     95.31%
[2016.02.17-11.28.42:767][ 44]LogMemory:       1024         3         4        158         3144     897    1024     158K       34K        6K     96.88%
[2016.02.17-11.28.42:767][ 44]LogMemory:       1168         7         7        341         1210    1025    1168     388K       60K       20K     95.54%
[2016.02.17-11.28.42:767][ 44]LogMemory:       1360         3         3        119          416    1171    1360     158K       34K       12K     93.75%
[2016.02.17-11.28.42:767][ 44]LogMemory:       1632         5         5        121         2823    1361    1632     192K      127K       11K     96.56%
[2016.02.17-11.28.42:767][ 44]LogMemory:       2048         9         9        229         1210    1633    2048     458K      118K       63K     89.06%
[2016.02.17-11.28.42:767][ 44]LogMemory:       2336         4         4         86         1617    2050    2333     196K       60K       21K     91.80%
[2016.02.17-11.28.42:767][ 44]LogMemory:       2720         4         4         71         1909    2341    2717     188K       67K       19K     92.58%
[2016.02.17-11.28.42:767][ 44]LogMemory:       3264         5         7         81         1025    2721    3264     258K       61K       16K     95.00%
[2016.02.17-11.28.42:767][ 44]LogMemory:       4096        13        14        156         1802    3265    4096     624K      208K       82K     90.14%
[2016.02.17-11.28.42:768][ 44]LogMemory:       4672        13        15        149          515    4100    4666     679K      152K       54K     93.51%
[2016.02.17-11.28.42:768][ 44]LogMemory:       5456         9        14         99         1031    4673    5456     527K       49K       50K     91.32%
[2016.02.17-11.28.42:768][ 44]LogMemory:       6544         9        11         75          346    5465    6537     479K       97K       40K     93.06%
[2016.02.17-11.28.42:768][ 44]LogMemory:       8192         9        10         62          909    6560    8192     496K       80K       37K     93.58%
[2016.02.17-11.28.42:768][ 44]LogMemory:       9360         6         6         35           87    8200    9360     319K       65K       23K     94.01%
[2016.02.17-11.28.42:768][ 44]LogMemory:      10912         5         5         25          149    9408   10845     266K       54K       18K     94.38%
[2016.02.17-11.28.42:768][ 44]LogMemory:      13104         7        11         28          563   11101   13056     358K       90K       30K     93.30%
[2016.02.17-11.28.42:768][ 44]LogMemory:      16384         9        10         28          191   13120   16384     448K      128K       26K     95.49%
[2016.02.17-11.28.42:768][ 44]LogMemory:      21840         7         8         16           77   16392   21556     341K      107K       57K     87.28%
[2016.02.17-11.28.42:768][ 44]LogMemory:      32768         8         8         14           74   21865   32640     448K       64K       98K     80.86%
[2016.02.17-11.28.42:768][ 44]LogMemory: 
[2016.02.17-11.28.42:768][ 44]LogMemory: 21760K allocated in pools (with 3587K slack and 1496K waste). Efficiency 93.13%
[2016.02.17-11.28.42:768][ 44]LogMemory: Allocations 125992 Current / 2106201 Total (in 340 pools)
[2016.02.17-11.28.42:768][ 44]LogMemory: 
[2016.02.17-11.28.42:774][ 44]LogLinker:Warning: CreateImport: Failed to load Outer for resource 'WidgetTree': WidgetBlueprint /Script/UMGEditor.Default__WidgetBlueprint
[2016.02.17-11.28.42:778][ 44]LogLinker:Warning: CreateImport: Failed to load Outer for resource 'WidgetTree': WidgetBlueprint /Script/UMGEditor.Default__WidgetBlueprint
[2016.02.17-11.28.42:781][ 44]LogLinker:Warning: CreateImport: Failed to load Outer for resource 'WidgetTree': WidgetBlueprint /Script/UMGEditor.Default__WidgetBlueprint
[2016.02.17-11.28.42:781][ 44]LogLinker:Warning: CreateImport: Failed to load Outer for resource 'WidgetTree': WidgetBlueprint /Script/UMGEditor.Default__WidgetBlueprint
[2016.02.17-11.28.42:796][ 44]LogAIModule: Creating AISystem for world My2DMap
[2016.02.17-11.28.42:796][ 44]LogWorld: Game class is 'BP_PaperGameMode_C'
[2016.02.17-11.28.42:848][ 44]LogWorld: Bringing World /Game/Maps/My2DMap.My2DMap up for play (max tick rate 0) at 2016.02.17-13.28.42
[2016.02.17-11.28.42:861][ 44]LogWorld: Bringing up level for play took: 0.020576
[2016.02.17-11.28.42:863][ 44]LogSpawn:Warning: SpawnActor failed because no class was specified
[2016.02.17-11.28.49:958][250]LogBlueprintUserMessages: [BP_Gear_C_5] Gear collected!
[2016.02.17-11.28.50:773][274]LogBlueprintUserMessages: [BP_Gear_C_6] Gear collected!
[2016.02.17-11.29.06:425][719]LogPackageName: SearchForPackageOnDisk took   0.292s to resolve My2DMap.umap.
[2016.02.17-11.29.06:662][719]LogPackageName: SearchForPackageOnDisk took   0.237s to resolve My2DMap.umap.
[2016.02.17-11.29.06:662][719]LogNet: Browse: /Game/Maps/My2DMap
[2016.02.17-11.29.06:662][719]LogLoad: LoadMap: /Game/Maps/My2DMap
[2016.02.17-11.29.06:680][719]LogParticles: Destroying 0 GPU particle simulations for FXSystem 0x10B80C40
[2016.02.17-11.29.06:694][719]LogMemory: Platform Memory Stats for WindowsNoEditor
[2016.02.17-11.29.06:694][719]LogMemory: Process Physical Memory: 144.89 MB used, 157.00 MB peak
[2016.02.17-11.29.06:694][719]LogMemory: Process Virtual Memory: 165.46 MB used, 167.54 MB peak
[2016.02.17-11.29.06:694][719]LogMemory: Physical Memory: 3152.32 MB used, 4001.48 MB total
[2016.02.17-11.29.06:694][719]LogMemory: Virtual Memory: 573.67 MB used, 4095.88 MB total
[2016.02.17-11.29.06:694][719]LogMemory: 
[2016.02.17-11.29.06:695][719]LogMemory: Allocator Stats for binned:
[2016.02.17-11.29.06:695][719]LogMemory: Current Memory 41.39 MB used, plus 4.16 MB waste
[2016.02.17-11.29.06:695][719]LogMemory: Peak Memory 45.44 MB used, plus 2.11 MB waste
[2016.02.17-11.29.06:695][719]LogMemory: Current OS Memory 45.55 MB, peak 47.55 MB
[2016.02.17-11.29.06:695][719]LogMemory: Current Waste 0.59 MB, peak 0.83 MB
[2016.02.17-11.29.06:695][719]LogMemory: Current Used 41.40 MB, peak 45.44 MB
[2016.02.17-11.29.06:695][719]LogMemory: Current Slack 2.03 MB
[2016.02.17-11.29.06:695][719]LogMemory: Allocs       138557 Current /  3305535 Total
[2016.02.17-11.29.06:695][719]LogMemory: 
[2016.02.17-11.29.06:695][719]LogMemory: Block Size Num Pools Max Pools Cur Allocs Total Allocs Min Req Max Req Mem Used Mem Slack Mem Waste Efficiency
[2016.02.17-11.29.06:695][719]LogMemory: ---------- --------- --------- ---------- ------------ ------- ------- -------- --------- --------- ----------
[2016.02.17-11.29.06:695][719]LogMemory:          8         1         1       5464       857761       8       8      42K       22K        0K    100.00%
[2016.02.17-11.29.06:695][719]LogMemory:         16        10        10      39931       229950       9      16     623K       17K       26K     95.94%
[2016.02.17-11.29.06:695][719]LogMemory:         32         5         5       9462       140442      17      32     295K       25K       59K     81.56%
[2016.02.17-11.29.06:695][719]LogMemory:         48        15        15      19096       108758      33      48     895K       65K       95K     90.10%
[2016.02.17-11.29.06:695][719]LogMemory:         64        12        12      11054       277197      49      64     690K       78K       91K     88.15%
[2016.02.17-11.29.06:695][719]LogMemory:         80         8         8       5419       176686      65      80     423K       89K       33K     93.55%
[2016.02.17-11.29.06:695][719]LogMemory:         96        29        29      18950       135263      81      96    1776K       79K      121K     93.48%
[2016.02.17-11.29.06:695][719]LogMemory:        112         8        12       3824        81572      97     112     418K       94K       22K     95.70%
[2016.02.17-11.29.06:695][719]LogMemory:        128        11        11       5133       110210     114     128     641K       63K       32K     95.45%
[2016.02.17-11.29.06:695][719]LogMemory:        160         5         5       1708       192243     129     160     266K       54K       28K     91.25%
[2016.02.17-11.29.06:695][719]LogMemory:        192         5         5       1633       205260     161     192     306K       14K       23K     92.81%
[2016.02.17-11.29.06:695][719]LogMemory:        224         4         4        839       332389     193     224     183K       73K       11K     95.70%
[2016.02.17-11.29.06:695][719]LogMemory:        256        21        36       5093       147089     225     256    1273K       71K       88K     93.45%
[2016.02.17-11.29.06:695][719]LogMemory:        288        18        18       3696       145929     257     288    1039K      111K       55K     95.23%
[2016.02.17-11.29.06:695][719]LogMemory:        320         4         4        625        18274     290     320     195K       60K        9K     96.48%
[2016.02.17-11.29.06:695][719]LogMemory:        384        10        10       1412        26317     322     384     529K      109K       45K     92.97%
[2016.02.17-11.29.06:695][719]LogMemory:        448         6         6        634        22962     385     448     277K      107K       11K     97.14%
[2016.02.17-11.29.06:695][719]LogMemory:        512         6         6        637        34194     449     512     318K       66K       29K     92.45%
[2016.02.17-11.29.06:695][719]LogMemory:        576        12        13        950         6076     513     576     534K      229K       30K     96.09%
[2016.02.17-11.29.06:695][719]LogMemory:        640         7         7        454         1254     577     640     283K      164K       14K     96.88%
[2016.02.17-11.29.06:695][719]LogMemory:        704         5         5        315         5110     641     704     216K      104K        5K     98.44%
[2016.02.17-11.29.06:695][719]LogMemory:        768         2         2         76         1000     705     768      57K       71K        1K     99.22%
[2016.02.17-11.29.06:695][719]LogMemory:        896         4         4        148         8657     769     896     129K      127K       12K     95.31%
[2016.02.17-11.29.06:695][719]LogMemory:       1024         3         4        156         5760     897    1024     156K       36K        7K     96.35%
[2016.02.17-11.29.06:695][719]LogMemory:       1168         8         8        337         1468    1025    1168     384K      127K       22K     95.70%
[2016.02.17-11.29.06:695][719]LogMemory:       1360         3         3        119          968    1171    1360     158K       34K       14K     92.71%
[2016.02.17-11.29.06:695][719]LogMemory:       1632         5         5        124         4148    1361    1632     197K      122K       14K     95.63%
[2016.02.17-11.29.06:695][719]LogMemory:       2048         9         9        224         2949    1633    2048     448K      128K       73K     87.33%
[2016.02.17-11.29.06:695][719]LogMemory:       2336         4         4         85         1808    2050    2333     193K       63K       20K     92.19%
[2016.02.17-11.29.06:695][719]LogMemory:       2720         4         4         77         2932    2341    2717     204K       51K       17K     93.36%
[2016.02.17-11.29.06:695][719]LogMemory:       3264         5         7         84         2045    2721    3264     267K       52K       27K     91.56%
[2016.02.17-11.29.06:695][719]LogMemory:       4096        13        14        157         1952    3265    4096     628K      204K       79K     90.50%
[2016.02.17-11.29.06:695][719]LogMemory:       4672        13        15        152          550    4100    4666     693K      138K       55K     93.39%
[2016.02.17-11.29.06:695][719]LogMemory:       5456         9        14         96         1125    4673    5456     511K       65K       47K     91.84%
[2016.02.17-11.29.06:695][719]LogMemory:       6544         9        11         73         1116    5465    6537     466K      110K       35K     93.92%
[2016.02.17-11.29.06:695][719]LogMemory:       8192        10        10         64         1307    6560    8192     512K      128K       53K     91.72%
[2016.02.17-11.29.06:695][719]LogMemory:       9360         6         6         38          425    8200    9360     347K       37K       33K     91.41%
[2016.02.17-11.29.06:695][719]LogMemory:      10912         4         5         22          863    9408   10845     234K       22K       15K     94.14%
[2016.02.17-11.29.06:695][719]LogMemory:      13104         9        12         33         6756   11101   13056     422K      154K       35K     93.92%
[2016.02.17-11.29.06:695][719]LogMemory:      16384         9        10         28          907   13120   16384     448K      128K        9K     98.44%
[2016.02.17-11.29.06:695][719]LogMemory:      21840         7         8         16          124   16392   21556     341K      107K       61K     86.38%
[2016.02.17-11.29.06:695][719]LogMemory:      32768         8         9         13          118   21865   32640     416K       96K       91K     82.23%
[2016.02.17-11.29.06:695][719]LogMemory: 
[2016.02.17-11.29.06:695][719]LogMemory: 22144K allocated in pools (with 3694K slack and 1547K waste). Efficiency 93.01%
[2016.02.17-11.29.06:695][719]LogMemory: Allocations 138452 Current / 3301915 Total (in 346 pools)
[2016.02.17-11.29.06:695][719]LogMemory: 
[2016.02.17-11.29.06:702][719]LogLinker:Warning: CreateImport: Failed to load Outer for resource 'WidgetTree': WidgetBlueprint /Script/UMGEditor.Default__WidgetBlueprint
[2016.02.17-11.29.06:706][719]LogLinker:Warning: CreateImport: Failed to load Outer for resource 'WidgetTree': WidgetBlueprint /Script/UMGEditor.Default__WidgetBlueprint
[2016.02.17-11.29.06:708][719]LogLinker:Warning: CreateImport: Failed to load Outer for resource 'WidgetTree': WidgetBlueprint /Script/UMGEditor.Default__WidgetBlueprint
[2016.02.17-11.29.06:709][719]LogLinker:Warning: CreateImport: Failed to load Outer for resource 'WidgetTree': WidgetBlueprint /Script/UMGEditor.Default__WidgetBlueprint
[2016.02.17-11.29.06:723][719]LogAIModule: Creating AISystem for world My2DMap
[2016.02.17-11.29.06:723][719]LogWorld: Game class is 'BP_PaperGameMode_C'
[2016.02.17-11.29.06:723][719]LogWorld: Bringing World /Game/Maps/My2DMap.My2DMap up for play (max tick rate 0) at 2016.02.17-13.29.06
[2016.02.17-11.29.06:724][719]LogWorld: Bringing up level for play took: 0.000581
[2016.02.17-11.29.06:724][719]LogSpawn:Warning: SpawnActor failed because no class was specified
[2016.02.17-11.29.16:662][  8]LogPackageName: SearchForPackageOnDisk took   0.300s to resolve MainMenuLevel.umap.
[2016.02.17-11.29.16:912][  8]LogPackageName: SearchForPackageOnDisk took   0.251s to resolve MainMenuLevel.umap.
[2016.02.17-11.29.16:912][  8]LogNet: Browse: /Game/Maps/MainMenuLevel
[2016.02.17-11.29.16:912][  8]LogLoad: LoadMap: /Game/Maps/MainMenuLevel
[2016.02.17-11.29.16:932][  8]LogParticles: Destroying 0 GPU particle simulations for FXSystem 0x10B80380
[2016.02.17-11.29.16:946][  8]LogMemory: Platform Memory Stats for WindowsNoEditor
[2016.02.17-11.29.16:946][  8]LogMemory: Process Physical Memory: 145.80 MB used, 161.44 MB peak
[2016.02.17-11.29.16:946][  8]LogMemory: Process Virtual Memory: 166.79 MB used, 168.96 MB peak
[2016.02.17-11.29.16:946][  8]LogMemory: Physical Memory: 3154.20 MB used, 4001.48 MB total
[2016.02.17-11.29.16:946][  8]LogMemory: Virtual Memory: 574.09 MB used, 4095.88 MB total
[2016.02.17-11.29.16:946][  8]LogMemory: 
[2016.02.17-11.29.16:947][  8]LogMemory: Allocator Stats for binned:
[2016.02.17-11.29.16:947][  8]LogMemory: Current Memory 41.57 MB used, plus 4.25 MB waste
[2016.02.17-11.29.16:947][  8]LogMemory: Peak Memory 45.44 MB used, plus 2.29 MB waste
[2016.02.17-11.29.16:947][  8]LogMemory: Current OS Memory 45.81 MB, peak 47.73 MB
[2016.02.17-11.29.16:947][  8]LogMemory: Current Waste 0.60 MB, peak 0.83 MB
[2016.02.17-11.29.16:947][  8]LogMemory: Current Used 41.57 MB, peak 45.44 MB
[2016.02.17-11.29.16:947][  8]LogMemory: Current Slack 2.09 MB
[2016.02.17-11.29.16:947][  8]LogMemory: Allocs       143967 Current /  4289202 Total
[2016.02.17-11.29.16:947][  8]LogMemory: 
[2016.02.17-11.29.16:947][  8]LogMemory: Block Size Num Pools Max Pools Cur Allocs Total Allocs Min Req Max Req Mem Used Mem Slack Mem Waste Efficiency
[2016.02.17-11.29.16:947][  8]LogMemory: ---------- --------- --------- ---------- ------------ ------- ------- -------- --------- --------- ----------
[2016.02.17-11.29.16:947][  8]LogMemory:          8         1         1       5469      1163624       8       8      42K       22K        0K    100.00%
[2016.02.17-11.29.16:947][  8]LogMemory:         16        12        12      45333       283986       9      16     708K       60K       29K     96.22%
[2016.02.17-11.29.16:947][  8]LogMemory:         32         5         5       9458       177749      17      32     295K       25K       60K     81.25%
[2016.02.17-11.29.16:947][  8]LogMemory:         48        15        15      19089       139279      33      48     894K       66K      103K     89.27%
[2016.02.17-11.29.16:947][  8]LogMemory:         64        12        12      11057       372451      49      64     691K       77K       92K     88.02%
[2016.02.17-11.29.16:947][  8]LogMemory:         80         8         8       5419       230271      65      80     423K       89K       33K     93.55%
[2016.02.17-11.29.16:947][  8]LogMemory:         96        29        29      18955       174091      81      96    1777K       78K      128K     93.10%
[2016.02.17-11.29.16:947][  8]LogMemory:        112         8        12       3824       103998      97     112     418K       94K       23K     95.51%
[2016.02.17-11.29.16:947][  8]LogMemory:        128        11        11       5133       146589     114     128     641K       63K       32K     95.45%
[2016.02.17-11.29.16:947][  8]LogMemory:        160         5         5       1708       251534     129     160     266K       54K       29K     90.94%
[2016.02.17-11.29.16:947][  8]LogMemory:        192         5         5       1633       236900     161     192     306K       14K       23K     92.81%
[2016.02.17-11.29.16:947][  8]LogMemory:        224         4         4        842       433993     193     224     184K       72K       11K     95.70%
[2016.02.17-11.29.16:947][  8]LogMemory:        256        21        36       5093       179653     225     256    1273K       71K       87K     93.53%
[2016.02.17-11.29.16:947][  8]LogMemory:        288        18        18       3699       189403     257     288    1040K      110K       55K     95.23%
[2016.02.17-11.29.16:947][  8]LogMemory:        320         4         4        625        19121     290     320     195K       60K        9K     96.48%
[2016.02.17-11.29.16:947][  8]LogMemory:        384        10        10       1415        28703     322     384     530K      108K       45K     92.97%
[2016.02.17-11.29.16:947][  8]LogMemory:        448         6         6        637        29846     385     448     278K      106K       11K     97.14%
[2016.02.17-11.29.16:947][  8]LogMemory:        512         6         6        637        48401     449     512     318K       66K       29K     92.45%
[2016.02.17-11.29.16:947][  8]LogMemory:        576        12        13        950         6795     513     576     534K      229K       32K     95.83%
[2016.02.17-11.29.16:947][  8]LogMemory:        640         7         7        454         1282     577     640     283K      164K       14K     96.88%
[2016.02.17-11.29.16:947][  8]LogMemory:        704         5         5        309         6666     641     704     212K      108K        4K     98.75%
[2016.02.17-11.29.16:947][  8]LogMemory:        768         2         2         76         1308     705     768      57K       71K        1K     99.22%
[2016.02.17-11.29.16:947][  8]LogMemory:        896         4         4        145        12126     769     896     126K      130K       11K     95.70%
[2016.02.17-11.29.16:947][  8]LogMemory:       1024         3         4        157         7219     897    1024     157K       35K        8K     95.83%
[2016.02.17-11.29.16:947][  8]LogMemory:       1168         8         8        337         1720    1025    1168     384K      127K       21K     95.90%
[2016.02.17-11.29.16:947][  8]LogMemory:       1360         3         3        119         1267    1171    1360     158K       34K       15K     92.19%
[2016.02.17-11.29.16:947][  8]LogMemory:       1632         5         5        124         5066    1361    1632     197K      122K       15K     95.31%
[2016.02.17-11.29.16:947][  8]LogMemory:       2048         9         9        227         4037    1633    2048     454K      122K       76K     86.81%
[2016.02.17-11.29.16:947][  8]LogMemory:       2336         4         4         88         1910    2050    2333     200K       56K       21K     91.80%
[2016.02.17-11.29.16:947][  8]LogMemory:       2720         4         4         77         3676    2341    2717     204K       51K       16K     93.75%
[2016.02.17-11.29.16:947][  8]LogMemory:       3264         5         7         81         2344    2721    3264     258K       61K       28K     91.25%
[2016.02.17-11.29.16:947][  8]LogMemory:       4096        13        14        160         2039    3265    4096     640K      192K       80K     90.38%
[2016.02.17-11.29.16:947][  8]LogMemory:       4672        13        15        151          577    4100    4666     688K      143K       56K     93.27%
[2016.02.17-11.29.16:947][  8]LogMemory:       5456         9        14         97         1188    4673    5456     516K       60K       47K     91.84%
[2016.02.17-11.29.16:947][  8]LogMemory:       6544         9        11         73         1415    5465    6537     466K      110K       35K     93.92%
[2016.02.17-11.29.16:947][  8]LogMemory:       8192        10        10         61         1450    6560    8192     488K      152K       54K     91.56%
[2016.02.17-11.29.16:947][  8]LogMemory:       9360         6         6         35          430    8200    9360     319K       65K       30K     92.19%
[2016.02.17-11.29.16:947][  8]LogMemory:      10912         4         5         22         1155    9408   10845     234K       22K       15K     94.14%
[2016.02.17-11.29.16:947][  8]LogMemory:      13104         9        12         33         9492   11101   13056     422K      154K       35K     93.92%
[2016.02.17-11.29.16:947][  8]LogMemory:      16384         9        10         28         1202   13120   16384     448K      128K        8K     98.61%
[2016.02.17-11.29.16:947][  8]LogMemory:      21840         7         8         16          157   16392   21556     341K      107K       62K     86.16%
[2016.02.17-11.29.16:947][  8]LogMemory:      32768         8         9         13          148   21865   32640     416K       96K       91K     82.23%
[2016.02.17-11.29.16:947][  8]LogMemory: 
[2016.02.17-11.29.16:947][  8]LogMemory: 22272K allocated in pools (with 3774K slack and 1574K waste). Efficiency 92.93%
[2016.02.17-11.29.16:947][  8]LogMemory: Allocations 143860 Current / 4284262 Total (in 348 pools)
[2016.02.17-11.29.16:947][  8]LogMemory: 
[2016.02.17-11.29.16:949][  8]LogLinker:Warning: CreateImport: Failed to load Outer for resource 'WidgetTree': WidgetBlueprint /Script/UMGEditor.Default__WidgetBlueprint
[2016.02.17-11.29.16:954][  8]LogAIModule: Creating AISystem for world MainMenuLevel
[2016.02.17-11.29.16:960][  8]LogLinker:Warning: CreateImport: Failed to load Outer for resource 'WidgetTree': WidgetBlueprint /Script/UMGEditor.Default__WidgetBlueprint
[2016.02.17-11.29.16:964][  8]LogLinker:Warning: CreateImport: Failed to load Outer for resource 'WidgetTree': WidgetBlueprint /Script/UMGEditor.Default__WidgetBlueprint
[2016.02.17-11.29.16:972][  8]LogWorld: Game class is 'BP_PaperGameMode_C'
[2016.02.17-11.29.16:973][  8]LogWorld: Bringing World /Game/Maps/MainMenuLevel.MainMenuLevel up for play (max tick rate 0) at 2016.02.17-13.29.16
[2016.02.17-11.29.16:973][  8]LogWorld: Bringing up level for play took: 0.000345
[2016.02.17-11.29.16:973][  8]LogGameMode: Warning - PATHS NOT DEFINED or NO PLAYERSTART with positive rating
[2016.02.17-11.29.16:973][  8]LogSpawn:Warning: SpawnActor failed because no class was specified
[2016.02.17-11.29.19:619][ 91]Closing by request
[2016.02.17-11.29.19:619][ 91]LogWindows: FPlatformMisc::RequestExit(0)
[2016.02.17-11.29.19:944][ 92]LogWindowsTextInputMethodSystem:Display: IME system now deactivated.
[2016.02.17-11.29.20:155][ 92]LogExit: Preparing to exit.
[2016.02.17-11.29.20:203][ 92]LogExit: Game engine shut down
[2016.02.17-11.29.20:205][ 92]LogParticles: Destroying 0 GPU particle simulations for FXSystem 0x10B81260
[2016.02.17-11.29.20:286][ 92]LogExit: Object subsystem successfully closed.
[2016.02.17-11.29.20:408][ 92]LogD3D11RHI: Shutdown
[2016.02.17-11.29.20:408][ 92]LogD3D11RHI: CleanupD3DDevice
[2016.02.17-11.29.20:500][ 92]LogD3D11RHI: ~FD3D11DynamicRHI
[2016.02.17-11.29.20:500][ 92]LogModuleManager: Shutting down and abandoning module AutomationWorker (56)
[2016.02.17-11.29.20:500][ 92]LogModuleManager: Shutting down and abandoning module CharacterAI (55)
[2016.02.17-11.29.20:500][ 92]LogModuleManager: Shutting down and abandoning module AIModule (53)
[2016.02.17-11.29.20:500][ 92]LogModuleManager: Shutting down and abandoning module GameLiveStreaming (52)
[2016.02.17-11.29.20:500][ 92]LogModuleManager: Shutting down and abandoning module StreamingPauseRendering (51)
[2016.02.17-11.29.20:500][ 92]LogModuleManager: Shutting down and abandoning module AnalyticsET (50)
[2016.02.17-11.29.20:500][ 92]LogModuleManager: Shutting down and abandoning module Analytics (49)
[2016.02.17-11.29.20:500][ 92]LogModuleManager: Shutting down and abandoning module ProfilerService (48)
[2016.02.17-11.29.20:616][ 92]LogModuleManager: Shutting down and abandoning module TaskGraph (47)
[2016.02.17-11.29.20:616][ 92]LogModuleManager: Shutting down and abandoning module SlateRemote (46)
[2016.02.17-11.29.20:616][ 92]LogModuleManager: Shutting down and abandoning module SteamVRController (45)
[2016.02.17-11.29.20:616][ 92]LogModuleManager: Shutting down and abandoning module SteamVR (44)
[2016.02.17-11.29.20:616][ 92]LogModuleManager: Shutting down and abandoning module ProceduralMeshComponent (43)
[2016.02.17-11.29.20:616][ 92]LogModuleManager: Shutting down and abandoning module OculusLibrary (42)
[2016.02.17-11.29.20:616][ 92]LogModuleManager: Shutting down and abandoning module OculusInput (41)
[2016.02.17-11.29.20:616][ 92]LogModuleManager: Shutting down and abandoning module CustomMeshComponent (40)
[2016.02.17-11.29.20:616][ 92]LogModuleManager: Shutting down and abandoning module CableComponent (39)
[2016.02.17-11.29.20:616][ 92]LogModuleManager: Shutting down and abandoning module ArchVisCharacter (38)
[2016.02.17-11.29.20:616][ 92]LogModuleManager: Shutting down and abandoning module UdpMessaging (37)
[2016.02.17-11.29.20:616][ 92]LogModuleManager: Shutting down and abandoning module LightPropagationVolumeRuntime (36)
[2016.02.17-11.29.20:617][ 92]LogModuleManager: Shutting down and abandoning module Paper2D (35)
[2016.02.17-11.29.20:617][ 92]LogModuleManager: Shutting down and abandoning module Media (34)
[2016.02.17-11.29.20:617][ 92]LogModuleManager: Shutting down and abandoning module WmfMedia (33)
[2016.02.17-11.29.20:617][ 92]LogModuleManager: Shutting down and abandoning module WindowsMoviePlayer (32)
[2016.02.17-11.29.20:621][ 92]LogModuleManager: Shutting down and abandoning module ImageWrapper (31)
[2016.02.17-11.29.20:621][ 92]LogModuleManager: Shutting down and abandoning module UMG (30)
[2016.02.17-11.29.20:621][ 92]LogModuleManager: Shutting down and abandoning module Slate (29)
[2016.02.17-11.29.20:621][ 92]LogModuleManager: Shutting down and abandoning module SessionServices (28)
[2016.02.17-11.29.20:621][ 92]LogModuleManager: Shutting down and abandoning module Messaging (27)
[2016.02.17-11.29.20:621][ 92]LogModuleManager: Shutting down and abandoning module HeadMountedDisplay (26)
[2016.02.17-11.29.20:621][ 92]LogModuleManager: Shutting down and abandoning module XAudio2 (25)
[2016.02.17-11.29.20:621][ 92]LogModuleManager: Shutting down and abandoning module Networking (23)
[2016.02.17-11.29.20:621][ 92]LogModuleManager: Shutting down and abandoning module Core (22)
[2016.02.17-11.29.20:621][ 92]LogModuleManager: Shutting down and abandoning module LeapMotionController (21)
[2016.02.17-11.29.20:683][ 92]LogModuleManager: Shutting down and abandoning module InputCore (20)
[2016.02.17-11.29.20:683][ 92]LogModuleManager: Shutting down and abandoning module OnlineSubsystem (18)
[2016.02.17-11.29.20:683][ 92]LogModuleManager: Shutting down and abandoning module HTTP (17)
[2016.02.17-11.29.22:706][ 92]LogModuleManager: Shutting down and abandoning module OculusRift (16)
[2016.02.17-11.29.22:706][ 92]LogModuleManager: Shutting down and abandoning module ExampleDeviceProfileSelector (15)
[2016.02.17-11.29.22:706][ 92]LogModuleManager: Shutting down and abandoning module ShaderCore (14)
[2016.02.17-11.29.22:706][ 92]LogModuleManager: Shutting down and abandoning module Landscape (13)
[2016.02.17-11.29.22:706][ 92]LogModuleManager: Shutting down and abandoning module SlateRHIRenderer (12)
[2016.02.17-11.29.22:706][ 92]LogModuleManager: Shutting down and abandoning module OpenGLDrv (11)
[2016.02.17-11.29.22:706][ 92]LogModuleManager: Shutting down and abandoning module D3D11RHI (10)
[2016.02.17-11.29.22:706][ 92]LogModuleManager: Shutting down and abandoning module AnimGraphRuntime (9)
[2016.02.17-11.29.22:706][ 92]LogModuleManager: Shutting down and abandoning module Renderer (8)
[2016.02.17-11.29.22:706][ 92]LogModuleManager: Shutting down and abandoning module Engine (7)
[2016.02.17-11.29.22:706][ 92]LogModuleManager: Shutting down and abandoning module CoreUObject (6)
[2016.02.17-11.29.22:707][ 92]LogModuleManager: Shutting down and abandoning module NetworkFile (5)
[2016.02.17-11.29.22:707][ 92]LogModuleManager: Shutting down and abandoning module StreamingFile (4)
[2016.02.17-11.29.22:707][ 92]LogModuleManager: Shutting down and abandoning module SandboxFile (3)
[2016.02.17-11.29.22:707][ 92]LogModuleManager: Shutting down and abandoning module PakFile (1)
[2016.02.17-11.29.22:708][ 92]LogExit: Exiting.
[2016.02.17-11.29.22:711][ 92]Log file closed, 02/17/16 13:29:22
